<?xml version="1.0" encoding="UTF-8"?>
<!-- Generated by org.testng.reporters.JUnitReportReporter -->
<testsuite skipped="0" hostname="Harshal-PC" name="com.cybersuccess.maven.NewTest" tests="1" failures="0" timestamp="2021-02-18T17:12:04 IST" time="96.046" errors="0">
  <testcase name="browser" time="96.046" classname="com.cybersuccess.maven.NewTest"/>
  <system-out/>
</testsuite> <!-- com.cybersuccess.maven.NewTest -->
